#
# A fatal error has been detected by the Java Runtime Environment:
#
#  EXCEPTION_ACCESS_VIOLATION (0xc0000005) at pc=0x051a1e2a, pid=7960, tid=52
#
# JRE version: Java(TM) SE Runtime Environment (7.0_51-b13) (build 1.7.0_51-b13)
# Java VM: Java HotSpot(TM) Client VM (24.51-b03 mixed mode, sharing windows-x86 )
# Problematic frame:
# C  [packet.dll+0x1e2a]
#
# Failed to write core dump. Minidumps are not enabled by default on client versions of Windows
#
# If you would like to submit a bug report, please visit:
#   http://bugreport.sun.com/bugreport/crash.jsp
# The crash happened outside the Java Virtual Machine in native code.
# See problematic frame for where to report the bug.
#

---------------  T H R E A D  ---------------

Current thread (0x0085bc00):  JavaThread "main" [_thread_in_native, id=52, stack(0x007a0000,0x007f0000)]

siginfo: ExceptionCode=0xc0000005, reading address 0x00314170

Registers:
EAX=0x00000000, EBX=0x341dab88, ECX=0x638e58ed, EDX=0x007eeb73
ESP=0x007eebbc, EBP=0x00000000, ESI=0x00313fd0, EDI=0x00000000
EIP=0x051a1e2a, EFLAGS=0x00010246

Top of Stack: (sp=0x007eebbc)
0x007eebbc:   00311b68 00313fd0 00313fd0 7665445c
0x007eebcc:   5c656369 5f46504e 1dbcb800 6e000f3d
0x007eebdc:   63696e6f 38340038 30412d41 342d4135
0x007eebec:   2d423837 44423339 3843342d 42353346
0x007eebfc:   31433634 00007d31 00313e48 00313e40
0x007eec0c:   00290000 007eec44 775c5813 00290000
0x007eec1c:   00000002 775c1a66 00313e48 00000002
0x007eec2c:   00000002 0000002b 00313ce8 00290000 

Instructions: (pc=0x051a1e2a)
0x051a1e0a:   c0 02 83 c1 02 84 d2 75 e4 33 c0 eb 05 1b c0 83
0x051a1e1a:   d8 ff 85 c0 0f 84 02 02 00 00 8b 3f 85 ff 75 c6
0x051a1e2a:   8b 86 a0 01 00 00 83 f8 17 0f 84 ed 01 00 00 83
0x051a1e3a:   f8 1c 0f 84 e4 01 00 00 8d 4c 24 0c e8 c5 16 00 


Register to memory mapping:

EAX=0x00000000 is an unknown value
EBX=0x341dab88 is an oop
{method} 
 - klass: {other class}
ECX=0x638e58ed is an unknown value
EDX=0x007eeb73 is pointing into the stack for thread: 0x0085bc00
ESP=0x007eebbc is pointing into the stack for thread: 0x0085bc00
EBP=0x00000000 is an unknown value
ESI=0x00313fd0 is an unknown value
EDI=0x00000000 is an unknown value


Stack: [0x007a0000,0x007f0000],  sp=0x007eebbc,  free space=314k
Native frames: (J=compiled Java code, j=interpreted, Vv=VM code, C=native code)
C  [packet.dll+0x1e2a]

[error occurred during error reporting (printing native stack), id 0xc0000005]

Java frames: (J=compiled Java code, j=interpreted, Vv=VM code)
j  jpcap.JpcapCaptor.getDeviceList()[Ljpcap/NetworkInterface;+0
J  arp_request.arp(Ljava/net/InetAddress;[B)V
j  mask.calcul_mask(Ljava/lang/String;Ljava/lang/String;)V+812
j  mask.main([Ljava/lang/String;)V+4
v  ~StubRoutines::call_stub

---------------  P R O C E S S  ---------------

Java Threads: ( => current thread )
  0x009f8400 JavaThread "Service Thread" daemon [_thread_blocked, id=5720, stack(0x00eb0000,0x00f00000)]
  0x009f1400 JavaThread "C1 CompilerThread0" daemon [_thread_blocked, id=4008, stack(0x00e20000,0x00e70000)]
  0x009ef000 JavaThread "Attach Listener" daemon [_thread_blocked, id=7436, stack(0x00d90000,0x00de0000)]
  0x009edc00 JavaThread "Signal Dispatcher" daemon [_thread_blocked, id=5992, stack(0x00d00000,0x00d50000)]
  0x00980000 JavaThread "Finalizer" daemon [_thread_blocked, id=2996, stack(0x00c70000,0x00cc0000)]
  0x0097e800 JavaThread "Reference Handler" daemon [_thread_blocked, id=4440, stack(0x00be0000,0x00c30000)]
=>0x0085bc00 JavaThread "main" [_thread_in_native, id=52, stack(0x007a0000,0x007f0000)]

Other Threads:
  0x0097d400 VMThread [stack: 0x00b50000,0x00ba0000] [id=7808]
  0x00a06400 WatcherThread [stack: 0x00f40000,0x00f90000] [id=3108]

VM state:not at safepoint (normal execution)

VM Mutex/Monitor currently owned by a thread: None

Heap
 def new generation   total 4928K, used 1522K [0x241b0000, 0x24700000, 0x29700000)
  eden space 4416K,  34% used [0x241b0000, 0x2432cab0, 0x24600000)
  from space 512K,   0% used [0x24600000, 0x24600000, 0x24680000)
  to   space 512K,   0% used [0x24680000, 0x24680000, 0x24700000)
 tenured generation   total 10944K, used 0K [0x29700000, 0x2a1b0000, 0x341b0000)
   the space 10944K,   0% used [0x29700000, 0x29700000, 0x29700200, 0x2a1b0000)
 compacting perm gen  total 12288K, used 292K [0x341b0000, 0x34db0000, 0x381b0000)
   the space 12288K,   2% used [0x341b0000, 0x341f93f8, 0x341f9400, 0x34db0000)
    ro space 10240K,  41% used [0x381b0000, 0x385e2050, 0x385e2200, 0x38bb0000)
    rw space 12288K,  52% used [0x38bb0000, 0x391f6800, 0x391f6800, 0x397b0000)

Card table byte_map: [0x00a60000,0x00b10000] byte_map_base: 0x0093f280

Polling page: 0x00450000

Code Cache  [0x02650000, 0x026f8000, 0x04650000)
 total_blobs=184 nmethods=45 adapters=77 free_code_cache=32100Kb largest_free_block=32870656

Compilation events (10 events):
Event: 1142.517 Thread 0x009f1400   41             arp_request::arp (509 bytes)
Event: 1142.519 Thread 0x009f1400 nmethod 41 0x026f4b08 code [0x026f4d60, 0x026f5728]
Event: 1318.213 Thread 0x009f1400   42             java.nio.ByteBuffer::arrayOffset (35 bytes)
Event: 1318.213 Thread 0x009f1400 nmethod 42 0x026f6648 code [0x026f6760, 0x026f68d8]
Event: 1531.354 Thread 0x009f1400   43             java.util.Formatter$Flags::valueOf (5 bytes)
Event: 1531.355 Thread 0x009f1400 nmethod 43 0x026f69c8 code [0x026f6ac0, 0x026f6b40]
Event: 1531.359 Thread 0x009f1400   44             java.nio.Buffer::position (5 bytes)
Event: 1531.359 Thread 0x009f1400 nmethod 44 0x026f6b88 code [0x026f6c80, 0x026f6d00]
Event: 1555.646 Thread 0x009f1400   45             java.nio.charset.CoderResult::isUnderflow (13 bytes)
Event: 1555.646 Thread 0x009f1400 nmethod 45 0x026f6d48 code [0x026f6e40, 0x026f6ed0]

GC Heap History (0 events):
No events

Deoptimization events (0 events):
No events

Internal exceptions (8 events):
Event: 0.016 Thread 0x0085bc00 Threw 0x241b51d0 at C:\re\jdk7u51\527\hotspot\src\share\vm\prims\jni.cpp:3991
Event: 0.061 Thread 0x0085bc00 Threw 0x241efdb8 at C:\re\jdk7u51\527\hotspot\src\share\vm\prims\jvm.cpp:1244
Event: 0.109 Thread 0x0085bc00 Threw 0x241f9098 at C:\re\jdk7u51\527\hotspot\src\share\vm\prims\jvm.cpp:1244
Event: 3.192 Thread 0x0085bc00 Threw 0x24227ef8 at C:\re\jdk7u51\527\hotspot\src\share\vm\prims\jvm.cpp:1244
Event: 3.204 Thread 0x0085bc00 Threw 0x24240080 at C:\re\jdk7u51\527\hotspot\src\share\vm\prims\jvm.cpp:1244
Event: 3.204 Thread 0x0085bc00 Threw 0x24240198 at C:\re\jdk7u51\527\hotspot\src\share\vm\prims\jvm.cpp:1244
Event: 3.205 Thread 0x0085bc00 Threw 0x24243b00 at C:\re\jdk7u51\527\hotspot\src\share\vm\prims\jvm.cpp:1244
Event: 3.205 Thread 0x0085bc00 Threw 0x24243c18 at C:\re\jdk7u51\527\hotspot\src\share\vm\prims\jvm.cpp:1244

Events (10 events):
Event: 3.210 loading class 0x009e8550
Event: 3.210 loading class 0x009e8580
Event: 3.210 loading class 0x009e8580 done
Event: 3.210 loading class 0x009e8550 done
Event: 3.210 loading class 0x009e8528
Event: 3.210 loading class 0x009e8528 done
Event: 3.210 loading class 0x009e84a0
Event: 3.210 loading class 0x009e84a0 done
Event: 4.089 Executing VM operation: EnableBiasedLocking
Event: 4.089 Executing VM operation: EnableBiasedLocking done


Dynamic libraries:
0x01220000 - 0x0124f000 	C:\Program Files (x86)\Java\jre7\bin\java.exe
0x77570000 - 0x776c7000 	C:\Windows\SYSTEM32\ntdll.dll
0x761e0000 - 0x76310000 	C:\Windows\SYSTEM32\KERNEL32.DLL
0x74c80000 - 0x74d27000 	C:\Windows\SYSTEM32\KERNELBASE.dll
0x71d50000 - 0x71df8000 	C:\Windows\system32\apphelp.dll
0x77200000 - 0x772ae000 	C:\Windows\SYSTEM32\ADVAPI32.dll
0x770d0000 - 0x771e6000 	C:\Windows\SYSTEM32\USER32.dll
0x73650000 - 0x73848000 	C:\Windows\WinSxS\x86_microsoft.windows.common-controls_6595b64144ccf1df_6.0.9200.17359_none_8935f06086091acc\COMCTL32.dll
0x74b80000 - 0x74c31000 	C:\Windows\SYSTEM32\msvcrt.dll
0x74c40000 - 0x74c74000 	C:\Windows\SYSTEM32\sechost.dll
0x74d30000 - 0x74ddc000 	C:\Windows\SYSTEM32\RPCRT4.dll
0x76a70000 - 0x76b6d000 	C:\Windows\SYSTEM32\GDI32.dll
0x74b60000 - 0x74b7d000 	C:\Windows\SYSTEM32\SspiCli.dll
0x74b50000 - 0x74b59000 	C:\Windows\SYSTEM32\CRYPTBASE.dll
0x74af0000 - 0x74b41000 	C:\Windows\SYSTEM32\bcryptPrimitives.dll
0x761c0000 - 0x761e0000 	C:\Windows\system32\IMM32.DLL
0x76dc0000 - 0x76e9d000 	C:\Windows\SYSTEM32\MSCTF.dll
0x6a1b0000 - 0x6a26f000 	C:\Program Files (x86)\Java\jre7\bin\msvcr100.dll
0x69310000 - 0x69690000 	C:\Program Files (x86)\Java\jre7\bin\client\jvm.dll
0x74750000 - 0x74758000 	C:\Windows\SYSTEM32\WSOCK32.dll
0x72a80000 - 0x72aa1000 	C:\Windows\SYSTEM32\WINMM.dll
0x771f0000 - 0x771f6000 	C:\Windows\SYSTEM32\PSAPI.DLL
0x76310000 - 0x76360000 	C:\Windows\SYSTEM32\WS2_32.dll
0x72a50000 - 0x72a7b000 	C:\Windows\SYSTEM32\WINMMBASE.dll
0x767f0000 - 0x767f8000 	C:\Windows\SYSTEM32\NSI.dll
0x76a20000 - 0x76a66000 	C:\Windows\SYSTEM32\cfgmgr32.dll
0x76800000 - 0x7681e000 	C:\Windows\SYSTEM32\DEVOBJ.dll
0x6f6b0000 - 0x6f6bc000 	C:\Program Files (x86)\Java\jre7\bin\verify.dll
0x6ec30000 - 0x6ec50000 	C:\Program Files (x86)\Java\jre7\bin\java.dll
0x6ebe0000 - 0x6ebf3000 	C:\Program Files (x86)\Java\jre7\bin\zip.dll
0x6a190000 - 0x6a1a4000 	C:\Program Files (x86)\Java\jre7\bin\net.dll
0x10000000 - 0x1002f000 	C:\Program Files (x86)\YouTube Accelerator\ytalsp.dll
0x74f90000 - 0x76056000 	C:\Windows\SYSTEM32\SHELL32.dll
0x74660000 - 0x74668000 	C:\Windows\SYSTEM32\VERSION.dll
0x76480000 - 0x765b6000 	C:\Windows\SYSTEM32\combase.dll
0x772b0000 - 0x772f0000 	C:\Windows\SYSTEM32\SHLWAPI.dll
0x04ed0000 - 0x050fe000 	C:\Program Files (x86)\YouTube Accelerator\engine.dll
0x772f0000 - 0x774a6000 	C:\Windows\SYSTEM32\WININET.dll
0x76060000 - 0x7607b000 	C:\Windows\SYSTEM32\USERENV.dll
0x76820000 - 0x76a1a000 	C:\Windows\SYSTEM32\iertutil.dll
0x76110000 - 0x76121000 	C:\Windows\SYSTEM32\profapi.dll
0x010f0000 - 0x01122000 	C:\Program Files (x86)\YouTube Accelerator\xmldb.dll
0x74420000 - 0x74493000 	C:\Windows\SYSTEM32\SHCORE.dll
0x73160000 - 0x731aa000 	C:\Windows\system32\mswsock.dll
0x05100000 - 0x05149000 	C:\Program Files (x86)\YouTube Accelerator\ipc.dll
0x04a70000 - 0x04a99000 	C:\Program Files (x86)\Java\jre7\bin\Jpcap.dll
0x05150000 - 0x0519c000 	C:\Windows\SYSTEM32\wpcap.dll
0x74530000 - 0x74550000 	C:\Windows\SYSTEM32\iphlpapi.dll
0x051a0000 - 0x051b8000 	C:\Windows\SYSTEM32\packet.dll
0x744c0000 - 0x744c8000 	C:\Windows\SYSTEM32\WINNSI.DLL
0x73640000 - 0x73650000 	C:\Windows\SYSTEM32\dhcpcsvc6.DLL
0x733c0000 - 0x733d2000 	C:\Windows\SYSTEM32\dhcpcsvc.DLL
0x719a0000 - 0x71a28000 	C:\Windows\system32\uxtheme.dll
0x71ec0000 - 0x71ec7000 	c:\PROGRA~2\mcafee\SITEAD~1\saHook.dll
0x76b70000 - 0x76c89000 	C:\Windows\SYSTEM32\ole32.dll
0x76130000 - 0x761be000 	C:\Windows\SYSTEM32\OLEAUT32.dll
0x71980000 - 0x7199a000 	C:\Windows\SYSTEM32\dwmapi.dll
0x74550000 - 0x745c4000 	C:\Windows\SYSTEM32\DNSAPI.dll
0x72fb0000 - 0x72fef000 	C:\Windows\System32\fwpuclnt.dll
0x73150000 - 0x73157000 	C:\Windows\System32\rasadhlp.dll
0x05a70000 - 0x05aa5000 	C:\Program Files (x86)\YouTube Accelerator\helper.dll
0x72c20000 - 0x72d49000 	C:\Windows\SYSTEM32\dbghelp.dll

VM Arguments:
java_command: mask
Launcher Type: SUN_STANDARD

Environment Variables:
PATH=C:\Program Files (x86)\Intel\iCLS Client\;C:\Program Files\Intel\iCLS Client\;C:\Windows\system32;C:\Windows;C:\Windows\System32\Wbem;C:\Windows\System32\WindowsPowerShell\v1.0\;C:\Program Files (x86)\Intel\OpenCL SDK\2.0\bin\x86;C:\Program Files (x86)\Intel\OpenCL SDK\2.0\bin\x64;C:\Program Files\Intel\Intel(R) Management Engine Components\DAL;C:\Program Files\Intel\Intel(R) Management Engine Components\IPT;C:\Program Files (x86)\Intel\Intel(R) Management Engine Components\DAL;C:\Program Files (x86)\Intel\Intel(R) Management Engine Components\IPT;C:\Program Files (x86)\Java\jre7\bin;C:\Program Files (x86)\Java\jdk1.7.0_25\bin;C:\Program Files (x86)\Skype\Phone\
USERNAME=king salihouvic
OS=Windows_NT
PROCESSOR_IDENTIFIER=Intel64 Family 6 Model 42 Stepping 7, GenuineIntel



---------------  S Y S T E M  ---------------

OS: Windows 8 , 64 bit Build 9200 

CPU:total 2 (2 cores per cpu, 1 threads per core) family 6 model 42 stepping 7, cmov, cx8, fxsr, mmx, sse, sse2, sse3, ssse3, sse4.1, sse4.2, popcnt, tsc, tscinvbit

Memory: 4k page, physical 4003096k(2181672k free), swap 6993176k(4466244k free)

vm_info: Java HotSpot(TM) Client VM (24.51-b03) for windows-x86 JRE (1.7.0_51-b13), built on Dec 18 2013 19:09:58 by "java_re" with unknown MS VC++:1600

time: Tue Sep 01 18:23:03 2015
elapsed time: 1954 seconds

