#
# A fatal error has been detected by the Java Runtime Environment:
#
#  EXCEPTION_ACCESS_VIOLATION (0xc0000005) at pc=0x67fdfa47, pid=2728, tid=2252
#
# JRE version: Java(TM) SE Runtime Environment (7.0_51-b13) (build 1.7.0_51-b13)
# Java VM: Java HotSpot(TM) Client VM (24.51-b03 mixed mode, sharing windows-x86 )
# Problematic frame:
# V  [jvm.dll+0xbfa47]
#
# Failed to write core dump. Minidumps are not enabled by default on client versions of Windows
#
# If you would like to submit a bug report, please visit:
#   http://bugreport.sun.com/bugreport/crash.jsp
#

---------------  T H R E A D  ---------------

Current thread (0x0227d400):  JavaThread "Thread-0" [_thread_in_vm, id=2252, stack(0x054c0000,0x05510000)]

siginfo: ExceptionCode=0xc0000005, reading address 0x0000000a

Registers:
EAX=0x00000002, EBX=0x05b63d50, ECX=0x02218a40, EDX=0x0219a754
ESP=0x0550f394, EBP=0x0550f39c, ESI=0x0227d400, EDI=0x02218a3c
EIP=0x67fdfa47, EFLAGS=0x00010206

Top of Stack: (sp=0x0550f394)
0x0550f394:   0227d530 02218a3c 0550f3ec 67fea0e3
0x0550f3a4:   022123b4 0227d530 05b63d50 02279ed8
0x0550f3b4:   0550f3a4 0550f3c8 0550fa14 681b058e
0x0550f3c4:   e29b00cc fffffffe 0550f3f4 67fe106a
0x0550f3d4:   0227d400 022123b4 0227d400 00000000
0x0550f3e4:   0227d400 00000000 68234b88 0551163a
0x0550f3f4:   0227d400 022117a0 0219a754 022123c0
0x0550f404:   022123bc 00000000 022123b4 022123b8 

Instructions: (pc=0x67fdfa47)
0x67fdfa27:   50 e8 13 51 f7 ff 83 c4 04 50 56 8d 4d fc e8 d6
0x67fdfa37:   1f f5 ff 8b 7d fc 85 ff 75 04 33 c0 eb 02 8b 07
0x67fdfa47:   8b 50 08 8d 48 08 8b 42 20 56 6a 00 ff d0 83 7e
0x67fdfa57:   04 00 74 07 33 c0 5f 8b e5 5d c3 85 ff 75 04 33 


Register to memory mapping:

EAX=0x00000002 is an unknown value
EBX=0x05b63d50 is an unknown value
ECX=0x02218a40 is an unknown value
EDX=0x0219a754 is a weak global jni handle
ESP=0x0550f394 is pointing into the stack for thread: 0x0227d400
EBP=0x0550f39c is pointing into the stack for thread: 0x0227d400
ESI=0x0227d400 is a thread
EDI=0x02218a3c is an unknown value


Stack: [0x054c0000,0x05510000],  sp=0x0550f394,  free space=316k
Native frames: (J=compiled Java code, j=interpreted, Vv=VM code, C=native code)
V  [jvm.dll+0xbfa47]
V  [jvm.dll+0xca0e3]

Java frames: (J=compiled Java code, j=interpreted, Vv=VM code)
j  jpcap.JpcapCaptor.getDeviceList()[Ljpcap/NetworkInterface;+0
j  reply.run()V+0
v  ~StubRoutines::call_stub

---------------  P R O C E S S  ---------------

Java Threads: ( => current thread )
  0x007ebc00 JavaThread "DestroyJavaVM" [_thread_blocked, id=6504, stack(0x00830000,0x00880000)]
  0x0227e000 JavaThread "Thread-2" [_thread_in_vm, id=2072, stack(0x06310000,0x06360000)]
  0x0227d800 JavaThread "Thread-1" [_thread_in_native, id=7112, stack(0x06280000,0x062d0000)]
=>0x0227d400 JavaThread "Thread-0" [_thread_in_vm, id=2252, stack(0x054c0000,0x05510000)]
  0x02214400 JavaThread "Service Thread" daemon [_thread_blocked, id=4256, stack(0x04800000,0x04850000)]
  0x02212800 JavaThread "C1 CompilerThread0" daemon [_thread_blocked, id=4704, stack(0x04770000,0x047c0000)]
  0x0220f400 JavaThread "Attach Listener" daemon [_thread_blocked, id=7160, stack(0x046e0000,0x04730000)]
  0x0220c400 JavaThread "Signal Dispatcher" daemon [_thread_blocked, id=4408, stack(0x04650000,0x046a0000)]
  0x021a0000 JavaThread "Finalizer" daemon [_thread_blocked, id=5876, stack(0x045c0000,0x04610000)]
  0x0219e800 JavaThread "Reference Handler" daemon [_thread_blocked, id=5124, stack(0x04530000,0x04580000)]

Other Threads:
  0x0219d400 VMThread [stack: 0x044a0000,0x044f0000] [id=5836]
  0x02224400 WatcherThread [stack: 0x04890000,0x048e0000] [id=4308]

VM state:not at safepoint (normal execution)

VM Mutex/Monitor currently owned by a thread: None

Heap
 def new generation   total 4928K, used 1343K [0x241b0000, 0x24700000, 0x29700000)
  eden space 4416K,  30% used [0x241b0000, 0x242ffe08, 0x24600000)
  from space 512K,   0% used [0x24600000, 0x24600000, 0x24680000)
  to   space 512K,   0% used [0x24680000, 0x24680000, 0x24700000)
 tenured generation   total 10944K, used 0K [0x29700000, 0x2a1b0000, 0x341b0000)
   the space 10944K,   0% used [0x29700000, 0x29700000, 0x29700200, 0x2a1b0000)
 compacting perm gen  total 12288K, used 297K [0x341b0000, 0x34db0000, 0x381b0000)
   the space 12288K,   2% used [0x341b0000, 0x341fa550, 0x341fa600, 0x34db0000)
    ro space 10240K,  41% used [0x381b0000, 0x385e2050, 0x385e2200, 0x38bb0000)
    rw space 12288K,  52% used [0x38bb0000, 0x391f6800, 0x391f6800, 0x397b0000)

Card table byte_map: [0x04350000,0x04400000] byte_map_base: 0x0422f280

Polling page: 0x007d0000

Code Cache  [0x022d0000, 0x02378000, 0x042d0000)
 total_blobs=189 nmethods=50 adapters=77 free_code_cache=32098Kb largest_free_block=32868992

Compilation events (10 events):
Event: 6.482 Thread 0x02212800   39             java.util.ArrayList::access$200 (5 bytes)
Event: 6.482 Thread 0x02212800 nmethod 39 0x023728c8 code [0x023729c0, 0x02372a30]
Event: 6.482 Thread 0x02212800   40             java.util.ArrayList$SubList$1::next (79 bytes)
Event: 6.482 Thread 0x02212800 nmethod 40 0x02372a88 code [0x02372bc0, 0x02372e14]
Event: 6.482 Thread 0x02212800   41             java.util.ArrayList$SubList$1::checkForComodification (26 bytes)
Event: 6.482 Thread 0x02212800 nmethod 41 0x02373088 code [0x02373190, 0x0237329c]
Event: 6.482 Thread 0x02212800   42             java.lang.String::split (326 bytes)
Event: 6.485 Thread 0x02212800 nmethod 42 0x02373388 code [0x02373600, 0x02374258]
Event: 6.490 Thread 0x02212800   43             tab_mac::get_mac_byte (55 bytes)
Event: 6.491 Thread 0x02212800 nmethod 43 0x02375588 code [0x023756b0, 0x02375864]

GC Heap History (0 events):
No events

Deoptimization events (0 events):
No events

Internal exceptions (10 events):
Event: 0.034 Thread 0x007ebc00 Threw 0x241b51d0 at C:\re\jdk7u51\527\hotspot\src\share\vm\prims\jni.cpp:3991
Event: 0.072 Thread 0x007ebc00 Threw 0x241efdb8 at C:\re\jdk7u51\527\hotspot\src\share\vm\prims\jvm.cpp:1244
Event: 0.113 Thread 0x007ebc00 Threw 0x241f7b50 at C:\re\jdk7u51\527\hotspot\src\share\vm\prims\jvm.cpp:1244
Event: 3.209 Thread 0x007ebc00 Threw 0x24226a90 at C:\re\jdk7u51\527\hotspot\src\share\vm\prims\jvm.cpp:1244
Event: 3.220 Thread 0x007ebc00 Threw 0x2423e010 at C:\re\jdk7u51\527\hotspot\src\share\vm\prims\jvm.cpp:1244
Event: 3.220 Thread 0x007ebc00 Threw 0x2423e128 at C:\re\jdk7u51\527\hotspot\src\share\vm\prims\jvm.cpp:1244
Event: 3.221 Thread 0x007ebc00 Threw 0x24241a90 at C:\re\jdk7u51\527\hotspot\src\share\vm\prims\jvm.cpp:1244
Event: 3.221 Thread 0x007ebc00 Threw 0x24241ba8 at C:\re\jdk7u51\527\hotspot\src\share\vm\prims\jvm.cpp:1244
Event: 6.304 Thread 0x007ebc00 Threw 0x2424ff30 at C:\re\jdk7u51\527\hotspot\src\share\vm\prims\jvm.cpp:1244
Event: 6.305 Thread 0x007ebc00 Threw 0x24250ef8 at C:\re\jdk7u51\527\hotspot\src\share\vm\prims\jvm.cpp:1244

Events (10 events):
Event: 4.108 Executing VM operation: EnableBiasedLocking done
Event: 6.304 loading class 0x02224ca0
Event: 6.304 loading class 0x02224ca0 done
Event: 6.305 loading class 0x02256ab0
Event: 6.305 loading class 0x02256ab0 done
Event: 6.306 Thread 0x0227d400 Thread added: 0x0227d400
Event: 6.306 Thread 0x0227d800 Thread added: 0x0227d800
Event: 6.306 Thread 0x0227e000 Thread added: 0x0227e000
Event: 6.307 Thread 0x007ebc00 Thread exited: 0x007ebc00
Event: 6.307 Thread 0x007ebc00 Thread added: 0x007ebc00


Dynamic libraries:
0x00090000 - 0x000bf000 	C:\Program Files (x86)\Java\jre7\bin\java.exe
0x77470000 - 0x775c7000 	C:\Windows\SYSTEM32\ntdll.dll
0x74a80000 - 0x74bb0000 	C:\Windows\SYSTEM32\KERNEL32.DLL
0x76be0000 - 0x76c87000 	C:\Windows\SYSTEM32\KERNELBASE.dll
0x71cc0000 - 0x71d68000 	C:\Windows\system32\apphelp.dll
0x768a0000 - 0x7694e000 	C:\Windows\SYSTEM32\ADVAPI32.dll
0x771b0000 - 0x772c6000 	C:\Windows\SYSTEM32\USER32.dll
0x73550000 - 0x73748000 	C:\Windows\WinSxS\x86_microsoft.windows.common-controls_6595b64144ccf1df_6.0.9200.17359_none_8935f06086091acc\COMCTL32.dll
0x765e0000 - 0x76691000 	C:\Windows\SYSTEM32\msvcrt.dll
0x766a0000 - 0x766d4000 	C:\Windows\SYSTEM32\sechost.dll
0x76430000 - 0x764dc000 	C:\Windows\SYSTEM32\RPCRT4.dll
0x76950000 - 0x76a4d000 	C:\Windows\SYSTEM32\GDI32.dll
0x74a60000 - 0x74a7d000 	C:\Windows\SYSTEM32\SspiCli.dll
0x74a50000 - 0x74a59000 	C:\Windows\SYSTEM32\CRYPTBASE.dll
0x749f0000 - 0x74a41000 	C:\Windows\SYSTEM32\bcryptPrimitives.dll
0x765c0000 - 0x765e0000 	C:\Windows\system32\IMM32.DLL
0x772d0000 - 0x773ad000 	C:\Windows\SYSTEM32\MSCTF.dll
0x682a0000 - 0x6835f000 	C:\Program Files (x86)\Java\jre7\bin\msvcr100.dll
0x67f20000 - 0x682a0000 	C:\Program Files (x86)\Java\jre7\bin\client\jvm.dll
0x74650000 - 0x74658000 	C:\Windows\SYSTEM32\WSOCK32.dll
0x721d0000 - 0x721f1000 	C:\Windows\SYSTEM32\WINMM.dll
0x76520000 - 0x76526000 	C:\Windows\SYSTEM32\PSAPI.DLL
0x763e0000 - 0x76430000 	C:\Windows\SYSTEM32\WS2_32.dll
0x721a0000 - 0x721cb000 	C:\Windows\SYSTEM32\WINMMBASE.dll
0x77190000 - 0x77198000 	C:\Windows\SYSTEM32\NSI.dll
0x76280000 - 0x762c6000 	C:\Windows\SYSTEM32\cfgmgr32.dll
0x76140000 - 0x7615e000 	C:\Windows\SYSTEM32\DEVOBJ.dll
0x6f9f0000 - 0x6f9fc000 	C:\Program Files (x86)\Java\jre7\bin\verify.dll
0x67f00000 - 0x67f20000 	C:\Program Files (x86)\Java\jre7\bin\java.dll
0x67ee0000 - 0x67ef3000 	C:\Program Files (x86)\Java\jre7\bin\zip.dll
0x67ec0000 - 0x67ed4000 	C:\Program Files (x86)\Java\jre7\bin\net.dll
0x10000000 - 0x1002f000 	C:\Program Files (x86)\YouTube Accelerator\ytalsp.dll
0x74c30000 - 0x75cf6000 	C:\Windows\SYSTEM32\SHELL32.dll
0x74560000 - 0x74568000 	C:\Windows\SYSTEM32\VERSION.dll
0x766e0000 - 0x76816000 	C:\Windows\SYSTEM32\combase.dll
0x764e0000 - 0x76520000 	C:\Windows\SYSTEM32\SHLWAPI.dll
0x05140000 - 0x0536e000 	C:\Program Files (x86)\YouTube Accelerator\engine.dll
0x75d00000 - 0x75eb6000 	C:\Windows\SYSTEM32\WININET.dll
0x76820000 - 0x7683b000 	C:\Windows\SYSTEM32\USERENV.dll
0x76c90000 - 0x76e8a000 	C:\Windows\SYSTEM32\iertutil.dll
0x74bb0000 - 0x74bc1000 	C:\Windows\SYSTEM32\profapi.dll
0x05370000 - 0x053a2000 	C:\Program Files (x86)\YouTube Accelerator\xmldb.dll
0x74320000 - 0x74393000 	C:\Windows\SYSTEM32\SHCORE.dll
0x72eb0000 - 0x72efa000 	C:\Windows\system32\mswsock.dll
0x055e0000 - 0x05629000 	C:\Program Files (x86)\YouTube Accelerator\ipc.dll
0x05510000 - 0x05539000 	C:\Program Files (x86)\Java\jre7\bin\Jpcap.dll
0x05830000 - 0x0587c000 	C:\Windows\SYSTEM32\wpcap.dll
0x74430000 - 0x74450000 	C:\Windows\SYSTEM32\iphlpapi.dll
0x058a0000 - 0x058b8000 	C:\Windows\SYSTEM32\packet.dll
0x743c0000 - 0x743c8000 	C:\Windows\SYSTEM32\WINNSI.DLL
0x733b0000 - 0x733c0000 	C:\Windows\SYSTEM32\dhcpcsvc6.DLL
0x73390000 - 0x733a2000 	C:\Windows\SYSTEM32\dhcpcsvc.DLL
0x71910000 - 0x71998000 	C:\Windows\system32\uxtheme.dll
0x719a0000 - 0x719a7000 	c:\PROGRA~2\mcafee\SITEAD~1\saHook.dll
0x76160000 - 0x76279000 	C:\Windows\SYSTEM32\ole32.dll
0x76350000 - 0x763de000 	C:\Windows\SYSTEM32\OLEAUT32.dll
0x718f0000 - 0x7190a000 	C:\Windows\SYSTEM32\dwmapi.dll
0x74450000 - 0x744c4000 	C:\Windows\SYSTEM32\DNSAPI.dll
0x72de0000 - 0x72e1f000 	C:\Windows\System32\fwpuclnt.dll
0x72dd0000 - 0x72dd7000 	C:\Windows\System32\rasadhlp.dll
0x05f80000 - 0x05fb5000 	C:\Program Files (x86)\YouTube Accelerator\helper.dll
0x72070000 - 0x72199000 	C:\Windows\SYSTEM32\dbghelp.dll

VM Arguments:
java_command: mask
Launcher Type: SUN_STANDARD

Environment Variables:
PATH=C:\Program Files (x86)\Intel\iCLS Client\;C:\Program Files\Intel\iCLS Client\;C:\Windows\system32;C:\Windows;C:\Windows\System32\Wbem;C:\Windows\System32\WindowsPowerShell\v1.0\;C:\Program Files (x86)\Intel\OpenCL SDK\2.0\bin\x86;C:\Program Files (x86)\Intel\OpenCL SDK\2.0\bin\x64;C:\Program Files\Intel\Intel(R) Management Engine Components\DAL;C:\Program Files\Intel\Intel(R) Management Engine Components\IPT;C:\Program Files (x86)\Intel\Intel(R) Management Engine Components\DAL;C:\Program Files (x86)\Intel\Intel(R) Management Engine Components\IPT;C:\Program Files (x86)\Java\jre7\bin;C:\Program Files (x86)\Java\jdk1.7.0_25\bin;C:\Program Files (x86)\Skype\Phone\
USERNAME=king salihouvic
OS=Windows_NT
PROCESSOR_IDENTIFIER=Intel64 Family 6 Model 42 Stepping 7, GenuineIntel



---------------  S Y S T E M  ---------------

OS: Windows 8 , 64 bit Build 9200 

CPU:total 2 (2 cores per cpu, 1 threads per core) family 6 model 42 stepping 7, cmov, cx8, fxsr, mmx, sse, sse2, sse3, ssse3, sse4.1, sse4.2, popcnt, tsc, tscinvbit

Memory: 4k page, physical 4003096k(1683448k free), swap 7058712k(4367020k free)

vm_info: Java HotSpot(TM) Client VM (24.51-b03) for windows-x86 JRE (1.7.0_51-b13), built on Dec 18 2013 19:09:58 by "java_re" with unknown MS VC++:1600

time: Thu Sep 03 17:10:16 2015
elapsed time: 6 seconds

