#
# A fatal error has been detected by the Java Runtime Environment:
#
#  EXCEPTION_ACCESS_VIOLATION (0xc0000005) at pc=0x67fdfa47, pid=4484, tid=6480
#
# JRE version: Java(TM) SE Runtime Environment (7.0_51-b13) (build 1.7.0_51-b13)
# Java VM: Java HotSpot(TM) Client VM (24.51-b03 mixed mode, sharing windows-x86 )
# Problematic frame:
# V  [jvm.dll+0xbfa47]
#
# Failed to write core dump. Minidumps are not enabled by default on client versions of Windows
#
# If you would like to submit a bug report, please visit:
#   http://bugreport.sun.com/bugreport/crash.jsp
#

---------------  T H R E A D  ---------------

Current thread (0x023be000):  JavaThread "Thread-4" [_thread_in_vm, id=6480, stack(0x06890000,0x068e0000)]

siginfo: ExceptionCode=0xc0000005, reading address 0x0000000a

Registers:
EAX=0x00000002, EBX=0x0648dfa0, ECX=0x0235afb0, EDX=0x022da754
ESP=0x068defe4, EBP=0x068defec, ESI=0x023be000, EDI=0x0235afac
EIP=0x67fdfa47, EFLAGS=0x00010206

Top of Stack: (sp=0x068defe4)
0x068defe4:   023be130 0235afac 068df03c 67fea0e3
0x068deff4:   0235267c 023be130 0648dfa0 0590a090
0x068df004:   068deff4 068df018 068df664 681b058e
0x068df014:   dad127a4 fffffffe 068df044 67fe106a
0x068df024:   023be000 0235267c 023be000 00000000
0x068df034:   023be000 00000000 68234b88 0582163a
0x068df044:   023be000 02352148 022da754 02352688
0x068df054:   02352684 00000000 0235267c 02352680 

Instructions: (pc=0x67fdfa47)
0x67fdfa27:   50 e8 13 51 f7 ff 83 c4 04 50 56 8d 4d fc e8 d6
0x67fdfa37:   1f f5 ff 8b 7d fc 85 ff 75 04 33 c0 eb 02 8b 07
0x67fdfa47:   8b 50 08 8d 48 08 8b 42 20 56 6a 00 ff d0 83 7e
0x67fdfa57:   04 00 74 07 33 c0 5f 8b e5 5d c3 85 ff 75 04 33 


Register to memory mapping:

EAX=0x00000002 is an unknown value
EBX=0x0648dfa0 is an unknown value
ECX=0x0235afb0 is an unknown value
EDX=0x022da754 is a weak global jni handle
ESP=0x068defe4 is pointing into the stack for thread: 0x023be000
EBP=0x068defec is pointing into the stack for thread: 0x023be000
ESI=0x023be000 is a thread
EDI=0x0235afac is an unknown value


Stack: [0x06890000,0x068e0000],  sp=0x068defe4,  free space=315k
Native frames: (J=compiled Java code, j=interpreted, Vv=VM code, C=native code)
V  [jvm.dll+0xbfa47]
V  [jvm.dll+0xca0e3]

Java frames: (J=compiled Java code, j=interpreted, Vv=VM code)
j  jpcap.JpcapCaptor.getDeviceList()[Ljpcap/NetworkInterface;+0
j  reply.run()V+0
v  ~StubRoutines::call_stub

---------------  P R O C E S S  ---------------

Java Threads: ( => current thread )
  0x0243bc00 JavaThread "DestroyJavaVM" [_thread_blocked, id=6924, stack(0x02210000,0x02260000)]
=>0x023be000 JavaThread "Thread-4" [_thread_in_vm, id=6480, stack(0x06890000,0x068e0000)]
  0x023bd800 JavaThread "Thread-3" [_thread_blocked, id=6412, stack(0x06800000,0x06850000)]
  0x023bcc00 JavaThread "Thread-1" [_thread_blocked, id=4696, stack(0x066e0000,0x06730000)]
  0x02359400 JavaThread "Service Thread" daemon [_thread_blocked, id=2864, stack(0x04910000,0x04960000)]
  0x02350800 JavaThread "C1 CompilerThread0" daemon [_thread_blocked, id=6904, stack(0x04880000,0x048d0000)]
  0x0234e400 JavaThread "Attach Listener" daemon [_thread_blocked, id=5776, stack(0x047f0000,0x04840000)]
  0x0234c400 JavaThread "Signal Dispatcher" daemon [_thread_blocked, id=6972, stack(0x04760000,0x047b0000)]
  0x022e0000 JavaThread "Finalizer" daemon [_thread_blocked, id=7004, stack(0x046d0000,0x04720000)]
  0x022de800 JavaThread "Reference Handler" daemon [_thread_blocked, id=508, stack(0x04640000,0x04690000)]

Other Threads:
  0x022dd400 VMThread [stack: 0x045b0000,0x04600000] [id=3264]
  0x02371800 WatcherThread [stack: 0x049a0000,0x049f0000] [id=6476]

VM state:synchronizing (normal execution)

VM Mutex/Monitor currently owned by a thread:  ([mutex/lock_event])
[0x02439fd8] Threads_lock - owner thread: 0x022dd400

Heap
 def new generation   total 4928K, used 1255K [0x241b0000, 0x24700000, 0x29700000)
  eden space 4416K,  28% used [0x241b0000, 0x242e9c70, 0x24600000)
  from space 512K,   0% used [0x24600000, 0x24600000, 0x24680000)
  to   space 512K,   0% used [0x24680000, 0x24680000, 0x24700000)
 tenured generation   total 10944K, used 0K [0x29700000, 0x2a1b0000, 0x341b0000)
   the space 10944K,   0% used [0x29700000, 0x29700000, 0x29700200, 0x2a1b0000)
 compacting perm gen  total 12288K, used 297K [0x341b0000, 0x34db0000, 0x381b0000)
   the space 12288K,   2% used [0x341b0000, 0x341fa5c0, 0x341fa600, 0x34db0000)
    ro space 10240K,  41% used [0x381b0000, 0x385e2050, 0x385e2200, 0x38bb0000)
    rw space 12288K,  52% used [0x38bb0000, 0x391f6800, 0x391f6800, 0x397b0000)

Card table byte_map: [0x044c0000,0x04570000] byte_map_base: 0x0439f280

Polling page: 0x00980000

Code Cache  [0x02440000, 0x024e0000, 0x04440000)
 total_blobs=167 nmethods=28 adapters=77 free_code_cache=32134Kb largest_free_block=32905472

Compilation events (10 events):
Event: 3.206 Thread 0x02350800   24             java.lang.String::replace (127 bytes)
Event: 3.206 Thread 0x02350800 nmethod 24 0x024dcdc8 code [0x024dcee0, 0x024dd150]
Event: 3.206 Thread 0x02350800   25             java.lang.Math::min (11 bytes)
Event: 3.206 Thread 0x02350800 nmethod 25 0x024dd388 code [0x024dd480, 0x024dd4f0]
Event: 3.210 Thread 0x02350800   26             java.io.BufferedInputStream::getBufIfOpen (21 bytes)
Event: 3.210 Thread 0x02350800 nmethod 26 0x024dd688 code [0x024dd790, 0x024dd88c]
Event: 3.210 Thread 0x02350800   27  s          java.io.BufferedInputStream::read (49 bytes)
Event: 3.210 Thread 0x02350800 nmethod 27 0x024dd908 code [0x024dda30, 0x024ddd18]
Event: 3.211 Thread 0x02350800   28             java.lang.String::startsWith (72 bytes)
Event: 3.211 Thread 0x02350800 nmethod 28 0x024dde88 code [0x024ddf90, 0x024de0d0]

GC Heap History (0 events):
No events

Deoptimization events (0 events):
No events

Internal exceptions (10 events):
Event: 0.016 Thread 0x0243bc00 Threw 0x241b51d0 at C:\re\jdk7u51\527\hotspot\src\share\vm\prims\jni.cpp:3991
Event: 0.054 Thread 0x0243bc00 Threw 0x241efdb8 at C:\re\jdk7u51\527\hotspot\src\share\vm\prims\jvm.cpp:1244
Event: 0.095 Thread 0x0243bc00 Threw 0x241f7b50 at C:\re\jdk7u51\527\hotspot\src\share\vm\prims\jvm.cpp:1244
Event: 3.194 Thread 0x0243bc00 Threw 0x24226a90 at C:\re\jdk7u51\527\hotspot\src\share\vm\prims\jvm.cpp:1244
Event: 3.206 Thread 0x0243bc00 Threw 0x2423e010 at C:\re\jdk7u51\527\hotspot\src\share\vm\prims\jvm.cpp:1244
Event: 3.206 Thread 0x0243bc00 Threw 0x2423e128 at C:\re\jdk7u51\527\hotspot\src\share\vm\prims\jvm.cpp:1244
Event: 3.207 Thread 0x0243bc00 Threw 0x24241a90 at C:\re\jdk7u51\527\hotspot\src\share\vm\prims\jvm.cpp:1244
Event: 3.207 Thread 0x0243bc00 Threw 0x24241ba8 at C:\re\jdk7u51\527\hotspot\src\share\vm\prims\jvm.cpp:1244
Event: 33.548 Thread 0x0243bc00 Threw 0x24251f60 at C:\re\jdk7u51\527\hotspot\src\share\vm\prims\jvm.cpp:1244
Event: 33.550 Thread 0x023bc400 Threw 0x24265728 at C:\re\jdk7u51\527\hotspot\src\share\vm\prims\jvm.cpp:1244

Events (10 events):
Event: 33.551 Thread 0x023bcc00 Thread added: 0x023bcc00
Event: 33.551 Thread 0x023bd400 Thread added: 0x023bd400
Event: 33.552 Thread 0x023bd800 Thread added: 0x023bd800
Event: 33.552 Thread 0x023be000 Thread added: 0x023be000
Event: 33.552 Thread 0x023bc400 Thread exited: 0x023bc400
Event: 33.552 Thread 0x0243bc00 Thread exited: 0x0243bc00
Event: 33.552 Thread 0x0243bc00 Thread added: 0x0243bc00
Event: 33.837 Executing VM operation: RevokeBias
Event: 33.837 Executing VM operation: RevokeBias done
Event: 33.837 Thread 0x023bd400 Thread exited: 0x023bd400


Dynamic libraries:
0x00090000 - 0x000bf000 	C:\Program Files (x86)\Java\jre7\bin\java.exe
0x77470000 - 0x775c7000 	C:\Windows\SYSTEM32\ntdll.dll
0x74a80000 - 0x74bb0000 	C:\Windows\SYSTEM32\KERNEL32.DLL
0x76be0000 - 0x76c87000 	C:\Windows\SYSTEM32\KERNELBASE.dll
0x71cc0000 - 0x71d68000 	C:\Windows\system32\apphelp.dll
0x768a0000 - 0x7694e000 	C:\Windows\SYSTEM32\ADVAPI32.dll
0x771b0000 - 0x772c6000 	C:\Windows\SYSTEM32\USER32.dll
0x73550000 - 0x73748000 	C:\Windows\WinSxS\x86_microsoft.windows.common-controls_6595b64144ccf1df_6.0.9200.17359_none_8935f06086091acc\COMCTL32.dll
0x765e0000 - 0x76691000 	C:\Windows\SYSTEM32\msvcrt.dll
0x766a0000 - 0x766d4000 	C:\Windows\SYSTEM32\sechost.dll
0x76430000 - 0x764dc000 	C:\Windows\SYSTEM32\RPCRT4.dll
0x76950000 - 0x76a4d000 	C:\Windows\SYSTEM32\GDI32.dll
0x74a60000 - 0x74a7d000 	C:\Windows\SYSTEM32\SspiCli.dll
0x74a50000 - 0x74a59000 	C:\Windows\SYSTEM32\CRYPTBASE.dll
0x749f0000 - 0x74a41000 	C:\Windows\SYSTEM32\bcryptPrimitives.dll
0x765c0000 - 0x765e0000 	C:\Windows\system32\IMM32.DLL
0x772d0000 - 0x773ad000 	C:\Windows\SYSTEM32\MSCTF.dll
0x682a0000 - 0x6835f000 	C:\Program Files (x86)\Java\jre7\bin\msvcr100.dll
0x67f20000 - 0x682a0000 	C:\Program Files (x86)\Java\jre7\bin\client\jvm.dll
0x74650000 - 0x74658000 	C:\Windows\SYSTEM32\WSOCK32.dll
0x721d0000 - 0x721f1000 	C:\Windows\SYSTEM32\WINMM.dll
0x76520000 - 0x76526000 	C:\Windows\SYSTEM32\PSAPI.DLL
0x763e0000 - 0x76430000 	C:\Windows\SYSTEM32\WS2_32.dll
0x721a0000 - 0x721cb000 	C:\Windows\SYSTEM32\WINMMBASE.dll
0x77190000 - 0x77198000 	C:\Windows\SYSTEM32\NSI.dll
0x76280000 - 0x762c6000 	C:\Windows\SYSTEM32\cfgmgr32.dll
0x76140000 - 0x7615e000 	C:\Windows\SYSTEM32\DEVOBJ.dll
0x6f9f0000 - 0x6f9fc000 	C:\Program Files (x86)\Java\jre7\bin\verify.dll
0x684a0000 - 0x684c0000 	C:\Program Files (x86)\Java\jre7\bin\java.dll
0x68480000 - 0x68493000 	C:\Program Files (x86)\Java\jre7\bin\zip.dll
0x67f00000 - 0x67f14000 	C:\Program Files (x86)\Java\jre7\bin\net.dll
0x10000000 - 0x1002f000 	C:\Program Files (x86)\YouTube Accelerator\ytalsp.dll
0x74c30000 - 0x75cf6000 	C:\Windows\SYSTEM32\SHELL32.dll
0x74560000 - 0x74568000 	C:\Windows\SYSTEM32\VERSION.dll
0x766e0000 - 0x76816000 	C:\Windows\SYSTEM32\combase.dll
0x764e0000 - 0x76520000 	C:\Windows\SYSTEM32\SHLWAPI.dll
0x05260000 - 0x0548e000 	C:\Program Files (x86)\YouTube Accelerator\engine.dll
0x75d00000 - 0x75eb6000 	C:\Windows\SYSTEM32\WININET.dll
0x76820000 - 0x7683b000 	C:\Windows\SYSTEM32\USERENV.dll
0x76c90000 - 0x76e8a000 	C:\Windows\SYSTEM32\iertutil.dll
0x74bb0000 - 0x74bc1000 	C:\Windows\SYSTEM32\profapi.dll
0x05490000 - 0x054c2000 	C:\Program Files (x86)\YouTube Accelerator\xmldb.dll
0x74320000 - 0x74393000 	C:\Windows\SYSTEM32\SHCORE.dll
0x72eb0000 - 0x72efa000 	C:\Windows\system32\mswsock.dll
0x057d0000 - 0x05819000 	C:\Program Files (x86)\YouTube Accelerator\ipc.dll
0x05820000 - 0x05849000 	C:\Program Files (x86)\Java\jre7\bin\Jpcap.dll
0x05850000 - 0x0589c000 	C:\Windows\SYSTEM32\wpcap.dll
0x74430000 - 0x74450000 	C:\Windows\SYSTEM32\iphlpapi.dll
0x05ae0000 - 0x05af8000 	C:\Windows\SYSTEM32\packet.dll
0x743c0000 - 0x743c8000 	C:\Windows\SYSTEM32\WINNSI.DLL
0x733b0000 - 0x733c0000 	C:\Windows\SYSTEM32\dhcpcsvc6.DLL
0x73390000 - 0x733a2000 	C:\Windows\SYSTEM32\dhcpcsvc.DLL
0x71910000 - 0x71998000 	C:\Windows\system32\uxtheme.dll
0x719a0000 - 0x719a7000 	c:\PROGRA~2\mcafee\SITEAD~1\saHook.dll
0x76160000 - 0x76279000 	C:\Windows\SYSTEM32\ole32.dll
0x76350000 - 0x763de000 	C:\Windows\SYSTEM32\OLEAUT32.dll
0x718f0000 - 0x7190a000 	C:\Windows\SYSTEM32\dwmapi.dll
0x74450000 - 0x744c4000 	C:\Windows\SYSTEM32\DNSAPI.dll
0x72de0000 - 0x72e1f000 	C:\Windows\System32\fwpuclnt.dll
0x72dd0000 - 0x72dd7000 	C:\Windows\System32\rasadhlp.dll
0x061c0000 - 0x061f5000 	C:\Program Files (x86)\YouTube Accelerator\helper.dll
0x72070000 - 0x72199000 	C:\Windows\SYSTEM32\dbghelp.dll

VM Arguments:
java_command: mask
Launcher Type: SUN_STANDARD

Environment Variables:
PATH=C:\Program Files (x86)\Intel\iCLS Client\;C:\Program Files\Intel\iCLS Client\;C:\Windows\system32;C:\Windows;C:\Windows\System32\Wbem;C:\Windows\System32\WindowsPowerShell\v1.0\;C:\Program Files (x86)\Intel\OpenCL SDK\2.0\bin\x86;C:\Program Files (x86)\Intel\OpenCL SDK\2.0\bin\x64;C:\Program Files\Intel\Intel(R) Management Engine Components\DAL;C:\Program Files\Intel\Intel(R) Management Engine Components\IPT;C:\Program Files (x86)\Intel\Intel(R) Management Engine Components\DAL;C:\Program Files (x86)\Intel\Intel(R) Management Engine Components\IPT;C:\Program Files (x86)\Java\jre7\bin;C:\Program Files (x86)\Java\jdk1.7.0_25\bin;C:\Program Files (x86)\Skype\Phone\
USERNAME=king salihouvic
OS=Windows_NT
PROCESSOR_IDENTIFIER=Intel64 Family 6 Model 42 Stepping 7, GenuineIntel



---------------  S Y S T E M  ---------------

OS: Windows 8 , 64 bit Build 9200 

CPU:total 2 (2 cores per cpu, 1 threads per core) family 6 model 42 stepping 7, cmov, cx8, fxsr, mmx, sse, sse2, sse3, ssse3, sse4.1, sse4.2, popcnt, tsc, tscinvbit

Memory: 4k page, physical 4003096k(2005476k free), swap 7058712k(4754616k free)

vm_info: Java HotSpot(TM) Client VM (24.51-b03) for windows-x86 JRE (1.7.0_51-b13), built on Dec 18 2013 19:09:58 by "java_re" with unknown MS VC++:1600

time: Thu Sep 03 14:30:00 2015
elapsed time: 33 seconds

